2024-12-19 14:30:22 | INFO     | === Ghost: Black Ops AI System Initialization ===
2024-12-19 14:30:22 | INFO     | System: Windows@DESKTOP-PC
2024-12-19 14:30:22 | INFO     | Memory: 15.9 GB available
2024-12-19 14:30:22 | INFO     | Disk Space: 412.3 GB free
2024-12-19 14:30:22 | INFO     | Python: 3.9.0
2024-12-19 14:30:22 | INFO     | ✅ System validation PASSED
2024-12-19 14:30:22 | INFO     | Loaded configuration for windows
2024-12-19 14:30:22 | INFO     | Initializing AI Agents and Helpers...
2024-12-19 14:30:22 | INFO     | Character Creator initialized
2024-12-19 14:30:22 | INFO     | Level Designer initialized
2024-12-19 14:30:22 | INFO     | Mission Planner initialized
2024-12-19 14:30:22 | INFO     | Asset Generator initialized
2024-12-19 14:30:22 | INFO     | Unity Helper initialized
2024-12-19 14:30:22 | INFO     | Code Generator initialized
2024-12-19 14:30:22 | INFO     | Performance Optimizer initialized
2024-12-19 14:30:22 | SUCCESS  | Initialized 4 agents and 3 helpers
2024-12-19 14:30:22 | SUCCESS  | AI System initialized successfully!
2024-12-19 14:30:22 | INFO     | Starting game development cycle...
2024-12-19 14:30:22 | INFO     | === GAME DESIGN PHASE ===
2024-12-19 14:30:22 | INFO     | Designing character system...
2024-12-19 14:30:22 | INFO     | Character system design completed
2024-12-19 14:30:22 | INFO     | Designing world structure...
2024-12-19 14:30:22 | INFO     | World structure design completed
2024-12-19 14:30:22 | INFO     | Designing game narrative...
2024-12-19 14:30:22 | INFO     | Game narrative design completed
2024-12-19 14:30:22 | INFO     | Phase design completed: 3/3 tasks successful
2024-12-19 14:30:22 | INFO     | === ASSET CREATION PHASE ===
2024-12-19 14:30:22 | INFO     | Creating player character...
2024-12-19 14:30:23 | INFO     | Player character 'Ghost' created successfully
2024-12-19 14:30:23 | INFO     | Creating AI team members...
2024-12-19 14:30:23 | INFO     | AI team member 'Viper' created
2024-12-19 14:30:23 | INFO     | AI team member 'Spectre' created
2024-12-19 14:30:23 | INFO     | AI team member 'Cipher' created
2024-12-19 14:30:23 | INFO     | AI team member 'Titan' created
2024-12-19 14:30:23 | INFO     | Generating weapon systems...
2024-12-19 14:30:23 | INFO     | Weapon 'Phantom Rifle' generated
2024-12-19 14:30:23 | INFO     | Weapon 'Wraith Sniper' generated
2024-12-19 14:30:23 | INFO     | Weapon 'Spectre SMG' generated
2024-12-19 14:30:23 | INFO     | Generating gear and equipment...
2024-12-19 14:30:23 | INFO     | Gear 'Tactical Body Armor' generated
2024-12-19 14:30:23 | INFO     | Gear 'Advanced Comms System' generated
2024-12-19 14:30:23 | INFO     | Gear 'Stealth Cloaking Device' generated
2024-12-19 14:30:23 | INFO     | Generating environment assets...
2024-12-19 14:30:23 | INFO     | Environment assets configuration generated
2024-12-19 14:30:23 | INFO     | Phase creation completed: 5/5 tasks successful
2024-12-19 14:30:23 | INFO     | === LEVEL DESIGN PHASE ===
2024-12-19 14:30:23 | INFO     | Creating main game scenes...
2024-12-19 14:30:23 | INFO     | Scene 'Operation Black Dawn' created
2024-12-19 14:30:23 | INFO     | Scene 'Jungle Strike' created
2024-12-19 14:30:23 | INFO     | Scene 'Arctic Extraction' created
2024-12-19 14:30:23 | INFO     | Creating mission structure...
2024-12-19 14:30:23 | INFO     | Mission 'Operation Silent Entry' created
2024-12-19 14:30:23 | INFO     | Mission 'Jungle Strike' created
2024-12-19 14:30:23 | INFO     | Optimizing level performance...
2024-12-19 14:30:23 | INFO     | Level optimization scripts generated
2024-12-19 14:30:23 | INFO     | Phase level_design completed: 3/3 tasks successful
2024-12-19 14:30:23 | INFO     | === CODE GENERATION PHASE ===
2024-12-19 14:30:23 | INFO     | Generating character systems code...
2024-12-19 14:30:23 | INFO     | Character base systems generated
2024-12-19 14:30:23 | INFO     | Generating AI behavior systems...
2024-12-19 14:30:23 | INFO     | AI behavior systems generated
2024-12-19 14:30:23 | INFO     | Generating core game mechanics...
2024-12-19 14:30:23 | INFO     | Game mechanics systems generated
2024-12-19 14:30:23 | INFO     | Setting up Unity project...
2024-12-19 14:30:23 | INFO     | Unity project structure created
2024-12-19 14:30:23 | INFO     | Phase coding completed: 4/4 tasks successful
2024-12-19 14:30:23 | INFO     | === INTEGRATION PHASE ===
2024-12-19 14:30:23 | INFO     | Integrating assets into Unity project...
2024-12-19 14:30:23 | INFO     | Integrated 5 character scripts
2024-12-19 14:30:23 | INFO     | Integrated 3 weapon scripts
2024-12-19 14:30:23 | INFO     | Integrated 2 mission scripts
2024-12-19 14:30:23 | INFO     | Integrated 4 AI scripts
2024-12-19 14:30:23 | INFO     | Optimizing game performance...
2024-12-19 14:30:23 | INFO     | Game performance optimization completed
2024-12-19 14:30:23 | INFO     | Running test suite...
2024-12-19 14:30:23 | INFO     | All tests passed successfully
2024-12-19 14:30:23 | INFO     | Phase integration completed: 3/3 tasks successful
2024-12-19 14:30:23 | SUCCESS  | Game development cycle completed!
2024-12-19 14:30:23 | INFO     | Total agents active: 4
2024-12-19 14:30:23 | INFO     | Total tasks completed: 18
2024-12-19 14:30:23 | INFO     | Files generated: 47
2024-12-19 14:30:23 | SUCCESS  | Ghost: Black Ops development completed successfully!
